<?xml version="1.0" encoding="UTF-8"?>
<!-- Generated by org.testng.reporters.JUnitXMLReporter -->
<testsuite ignored="0" hostname="DESKTOP-N572ML1" failures="1" tests="4" name="Test" time="13.93" errors="0" timestamp="2026-05-14T14:32:28 IST">
  <testcase classname="orangeHRM.OrangeHRM" name="openApplication" time="8.267"/>
  <testcase classname="orangeHRM.OrangeHRM" name="login" time="4.589"/>
  <testcase classname="orangeHRM.OrangeHRM" name="verifyLogo" time="0.037">
    <failure type="java.lang.AssertionError" message="expected [true] but found [false]">
      <![CDATA[java.lang.AssertionError: expected [true] but found [false]
at orangeHRM.OrangeHRM.verifyLogo(OrangeHRM.java:40)
at java.base/java.util.ArrayList.forEach(ArrayList.java:1511)
... Removed 31 stack frames]]>
    </failure>
  </testcase> <!-- verifyLogo -->
  <testcase classname="orangeHRM.OrangeHRM" name="logout" time="0.001">
    <skipped/>
  </testcase> <!-- logout -->
</testsuite> <!-- Test -->
